Query 1:
-- example_queries.sql

-- --------------------------------------------------
-- Example Queries to Validate Data
-- --------------------------------------------------

-- Retrieve All Dams in 'sydney_dams':
SELECT d.*
FROM dams d
JOIN dam_group_members gm ON d.dam_id = gm.dam_id
WHERE gm.group_name = 'sydney_dams'
Results:
[{'dam_id': '212205', 'dam_name': 'Nepean Dam', 'full_volume': 67730, 'latitude': Decimal('-34.335046'), 'longitude': Decimal('150.617666')}, {'dam_id': '212211', 'dam_name': 'Avon Dam', 'full_volume': 142230, 'latitude': Decimal('-34.350932'), 'longitude': Decimal('150.640500')}, {'dam_id': '212212', 'dam_name': 'Wingecarribee Reservoir', 'full_volume': 29880, 'latitude': Decimal('-34.540413'), 'longitude': Decimal('150.498916')}, {'dam_id': '212220', 'dam_name': 'Cordeaux Dam', 'full_volume': 93790, 'latitude': Decimal('-34.336403'), 'longitude': Decimal('150.745918')}, {'dam_id': '212232', 'dam_name': 'Cataract Dam', 'full_volume': 97190, 'latitude': Decimal('-34.265584'), 'longitude': Decimal('150.803553')}, {'dam_id': '213210', 'dam_name': 'Woronora Dam', 'full_volume': 69536, 'latitude': Decimal('-34.109296'), 'longitude': Decimal('150.936519')}, {'dam_id': '213240', 'dam_name': 'Prospect Reservoir', 'full_volume': 33330, 'latitude': Decimal('-33.832851'), 'longitude': Decimal('150.890158')}, {'dam_id': '215235', 'dam_name': 'Fitzroy Falls Reservoir', 'full_volume': 9950, 'latitude': Decimal('-34.645106'), 'longitude': Decimal('150.487190')}]

Query 2:
-- Retrieve All Groups for '212232' (Cataract Dam):
SELECT g.group_name
FROM dam_groups g
JOIN dam_group_members gm ON g.group_name = gm.group_name
WHERE gm.dam_id = '212232'
Results:
[{'group_name': 'popular_dams'}, {'group_name': 'sydney_dams'}]

Query 3:
-- Retrieve Latest Data for '410102' (Blowering Dam):
SELECT * FROM latest_data WHERE dam_id = '410102'
Results:
[{'dam_id': '410102', 'dam_name': 'Blowering Dam', 'date': datetime.date(2024, 11, 25), 'storage_volume': Decimal('1603000.000'), 'percentage_full': Decimal('99.90'), 'storage_inflow': Decimal('2000.500'), 'storage_release': Decimal('1500.300')}]

Query 4:
-- Retrieve Historical Resources for '42510037' (Lake Copi Hollow):
SELECT * FROM dam_resources WHERE dam_id = '42510037' ORDER BY date
Results:
[{'resource_id': 22, 'dam_id': '42510037', 'date': datetime.date(2023, 10, 1), 'storage_volume': Decimal('7600.000'), 'percentage_full': Decimal('95.00'), 'storage_inflow': Decimal('700.000'), 'storage_release': Decimal('400.200')}, {'resource_id': 23, 'dam_id': '42510037', 'date': datetime.date(2023, 11, 1), 'storage_volume': Decimal('7650.000'), 'percentage_full': Decimal('96.00'), 'storage_inflow': Decimal('710.000'), 'storage_release': Decimal('410.200')}, {'resource_id': 24, 'dam_id': '42510037', 'date': datetime.date(2023, 12, 1), 'storage_volume': Decimal('7729.000'), 'percentage_full': Decimal('99.90'), 'storage_inflow': Decimal('700.000'), 'storage_release': Decimal('400.200')}]

Query 5:
-- Retrieve Specific Dam Analysis for '210097' (Glenbawn Dam) on '2024-11-01':
SELECT * FROM specific_dam_analysis
WHERE dam_id = '210097' AND analysis_date = '2024-11-01'
Results:
[{'dam_id': '210097', 'analysis_date': datetime.date(2024, 11, 1), 'avg_storage_volume_12_months': Decimal('730000.000'), 'avg_storage_volume_5_years': Decimal('720000.000'), 'avg_storage_volume_20_years': Decimal('700000.000'), 'avg_percentage_full_12_months': Decimal('97.45'), 'avg_percentage_full_5_years': Decimal('95.00'), 'avg_percentage_full_20_years': Decimal('93.00'), 'avg_storage_inflow_12_months': Decimal('2200.200'), 'avg_storage_inflow_5_years': Decimal('2100.200'), 'avg_storage_inflow_20_years': Decimal('2000.200'), 'avg_storage_release_12_months': Decimal('1600.000'), 'avg_storage_release_5_years': Decimal('1500.000'), 'avg_storage_release_20_years': Decimal('1400.000')}]

Query 6:
-- Retrieve Overall Dam Analysis on '2024-11-01':
SELECT * FROM overall_dam_analysis
WHERE analysis_date = '2024-11-01'
Results:
[]

